<?xml version="1.0" encoding="UTF-8"?>
<!-- Generated by org.testng.reporters.JUnitXMLReporter -->
<testsuite hostname="Vayuputhra" name="Test1" tests="4" failures="0" timestamp="27 Mar 2017 01:39:45 GMT" time="74.426" errors="0">
  <testcase name="testSteps" time="16.366" classname="TestClasses.Test_01"/>
  <testcase name="testSteps2" time="0.007" classname="TestClasses.Test_01"/>
  <testcase name="testSteps2" time="18.647" classname="TestClasses.MobileGestures"/>
  <testcase name="testSteps2b" time="0.008" classname="TestClasses.MobileGestures"/>
</testsuite> <!-- Test1 -->
